Arguments: 
  C:\Program Files\nodejs\node.exe C:\Program Files\nodejs\node_modules\yarn\bin\yarn.js docs:Dev

PATH: 
  C:\Users\Felix\bin;C:\Program Files\Git\mingw64\bin;C:\Program Files\Git\usr\local\bin;C:\Program Files\Git\usr\bin;C:\Program Files\Git\usr\bin;C:\Program Files\Git\mingw64\bin;C:\Program Files\Git\usr\bin;C:\Users\Felix\bin;C:\windows\system32;C:\windows;C:\windows\System32\Wbem;C:\windows\System32\WindowsPowerShell\v1.0;C:\windows\System32\OpenSSH;C:\Users\Felix\AppData\Roaming\nvm;C:\Program Files\nodejs;C:\Program Files\Git\cmd;C:\Program Files (x86)\GitExtensions;C:\Program Files (x86)\dotnet;C:\Program Files\dotnet;C:\Users\Felix\AppData\Local\Microsoft\WindowsApps;C:\Users\Felix\AppData\Local\Programs\Microsoft VS Code\bin;C:\Users\Felix\AppData\Roaming\nvm;C:\Program Files\nodejs;C:\Users\Felix\.dotnet\tools;C:\Program Files\Git\usr\bin\vendor_perl;C:\Program Files\Git\usr\bin\core_perl

Yarn version: 
  1.22.19

Node version: 
  18.1.0

Platform: 
  win32 x64

Trace: 
  SyntaxError: C:\Lek\regent-vitepress\package.json: Unexpected token { in JSON at position 325
      at JSON.parse (<anonymous>)
      at C:\Users\Felix\AppData\Roaming\nvm\v18.1.0\node_modules\yarn\lib\cli.js:1629:59
      at Generator.next (<anonymous>)
      at step (C:\Users\Felix\AppData\Roaming\nvm\v18.1.0\node_modules\yarn\lib\cli.js:310:30)
      at C:\Users\Felix\AppData\Roaming\nvm\v18.1.0\node_modules\yarn\lib\cli.js:321:13

npm manifest: 
  {
    "name": "regent-vitepress",
    "version": "1.0.0",
    "description": "Regents intranät",
    "main": "index.js",
    "scripts": {
      "test": "echo \"Error: no test specified\" && exit 1"
    },
    "author": "Felix Bohlin",
    "license": "ISC",
    "devDependencies": {
      "vitepress": "^1.0.0-alpha.4",
      "vue": "^3.2.37"
    },
    {
      "scripts": {
        "docs:dev": "vitepress dev docs",
        "docs:build": "vitepress build docs",
        "docs:serve": "vitepress serve docs"
      },
    }
  }

yarn manifest: 
  No manifest

Lockfile: 
  No lockfile
